<?xml version="1.0" encoding="UTF-8"?>
<!-- Generated by org.testng.reporters.JUnitXMLReporter -->
<testsuite ignored="1" hostname="DESKTOP-QV6FTFS" failures="0" tests="9" name="Test" time="11.968" errors="0" timestamp="2023-06-06T21:11:20 IST">
  <testcase classname="TestNGprograms.AnnotationExample" name="urlTest" time="2.379"/>
  <testcase classname="TestNGprograms.TestAttributes" name="a" time="0.007"/>
  <testcase classname="TestNGprograms.TestAttributes" name="b" time="0.003"/>
  <testcase classname="TestNGprograms.TestAttributes" name="d" time="0.004"/>
  <testcase classname="TestNGprograms.Example" name="login" time="0.027"/>
  <testcase classname="TestNGprograms.Example" name="homepage" time="0.014"/>
  <testcase classname="TestNGprograms.Program1" name="a" time="0.005"/>
  <testcase classname="TestNGprograms.Program1" name="b" time="0.006"/>
  <testcase classname="TestNGprograms.Program1" name="c" time="0.009"/>
  <testcase classname="TestNGprograms.TestAttributes" name="c" time="0.0">
    <ignored/>
  </testcase> <!-- c -->
</testsuite> <!-- Test -->
