<?xml version="1.0" encoding="UTF-8"?>
<testng-results ignored="0" total="2" passed="2" failed="0" skipped="0">
  <reporter-output>
  </reporter-output>
  <suite started-at="2023-06-18T23:08:37 IST" name="Default suite" finished-at="2023-06-18T23:08:37 IST" duration-ms="113">
    <groups>
    </groups>
    <test started-at="2023-06-18T23:08:37 IST" name="Default test" finished-at="2023-06-18T23:08:37 IST" duration-ms="113">
      <class name="TestNGprograms.Example">
        <test-method signature="login()[pri:1, instance:TestNGprograms.Example@6d763516]" started-at="2023-06-18T23:08:37 IST" name="login" finished-at="2023-06-18T23:08:37 IST" duration-ms="28" status="PASS">
          <reporter-output>
          </reporter-output>
        </test-method> <!-- login -->
        <test-method signature="homepage()[pri:2, instance:TestNGprograms.Example@6d763516]" started-at="2023-06-18T23:08:37 IST" name="homepage" finished-at="2023-06-18T23:08:37 IST" depends-on-methods="TestNGprograms.Example.login" duration-ms="3" status="PASS">
          <reporter-output>
          </reporter-output>
        </test-method> <!-- homepage -->
      </class> <!-- TestNGprograms.Example -->
    </test> <!-- Default test -->
  </suite> <!-- Default suite -->
</testng-results>
